


ARM Macro Assembler    Page 1 


    1 00000000         ;******************** (C) COPYRIGHT 2014 STMicroelectron
                       ics ********************
    2 00000000         ;* File Name          : startup_stm32f072.s
    3 00000000         ;* Author             : MCD Application Team
    4 00000000         ;* Version            : V1.3.1
    5 00000000         ;* Date               : 17-January-2014 
    6 00000000         ;* Description        : STM32F072 Devices vector table f
                       or
    7 00000000         ;*                      for MDK-ARM toolchain.
    8 00000000         ;*                      This module performs:
    9 00000000         ;*                      - Set the initial SP
   10 00000000         ;*                      - Set the initial PC == Reset_Ha
                       ndler
   11 00000000         ;*                      - Set the vector table entries w
                       ith the exceptions ISR address
   12 00000000         ;*                      - Configure the system clock
   13 00000000         ;*                      - Branches to __main in the C li
                       brary (which eventually
   14 00000000         ;*                        calls main()).
   15 00000000         ;*                      After Reset the CortexM0 process
                       or is in Thread mode,
   16 00000000         ;*                      priority is Privileged, and the 
                       Stack is set to Main.
   17 00000000         ;* <<< Use Configuration Wizard in Context Menu >>>   
   18 00000000         ;*******************************************************
                       ************************
   19 00000000         ;  @attention
   20 00000000         ; 
   21 00000000         ;  Licensed under MCD-ST Liberty SW License Agreement V2
                       , (the "License");
   22 00000000         ;  You may not use this file except in compliance with t
                       he License.
   23 00000000         ;  You may obtain a copy of the License at:
   24 00000000         ; 
   25 00000000         ;         http://www.st.com/software_license_agreement_l
                       iberty_v2
   26 00000000         ; 
   27 00000000         ;  Unless required by applicable law or agreed to in wri
                       ting, software 
   28 00000000         ;  distributed under the License is distributed on an "A
                       S IS" BASIS, 
   29 00000000         ;  WITHOUT WARRANTIES OR CONDITIONS OF ANY KIND, either 
                       express or implied.
   30 00000000         ;  See the License for the specific language governing p
                       ermissions and
   31 00000000         ;  limitations under the License.
   32 00000000         ; 
   33 00000000         ;*******************************************************
                       ************************
   34 00000000         ;
   35 00000000         ; Amount of memory (in bytes) allocated for Stack
   36 00000000         ; Tailor this value to your application needs
   37 00000000         ; <h> Stack Configuration
   38 00000000         ;   <o> Stack Size (in Bytes) <0x0-0xFFFFFFFF:8>
   39 00000000         ; </h>
   40 00000000         
   41 00000000 00000400 
                       Stack_Size
                               EQU              0x00000400



ARM Macro Assembler    Page 2 


   42 00000000         
   43 00000000                 AREA             STACK, NOINIT, READWRITE, ALIGN
=3
   44 00000000         Stack_Mem
                               SPACE            Stack_Size
   45 00000400         __initial_sp
   46 00000400         
   47 00000400         
   48 00000400         ; <h> Heap Configuration
   49 00000400         ;   <o>  Heap Size (in Bytes) <0x0-0xFFFFFFFF:8>
   50 00000400         ; </h>
   51 00000400         
   52 00000400 00000C00 
                       Heap_Size
                               EQU              0x00000c00
   53 00000400         
   54 00000400                 AREA             HEAP, NOINIT, READWRITE, ALIGN=
3
   55 00000000         __heap_base
   56 00000000         Heap_Mem
                               SPACE            Heap_Size
   57 00000C00         __heap_limit
   58 00000C00         
   59 00000C00                 PRESERVE8
   60 00000C00                 THUMB
   61 00000C00         
   62 00000C00         
   63 00000C00         ; Vector Table Mapped to Address 0 at Reset
   64 00000C00                 AREA             RESET, DATA, READONLY
   65 00000000                 EXPORT           __Vectors
   66 00000000                 EXPORT           __Vectors_End
   67 00000000                 EXPORT           __Vectors_Size
   68 00000000         
   69 00000000 00000000 
                       __Vectors
                               DCD              __initial_sp ; Top of Stack
   70 00000004 00000000        DCD              Reset_Handler ; Reset Handler
   71 00000008 00000000        DCD              NMI_Handler ; NMI Handler
   72 0000000C 00000000        DCD              HardFault_Handler ; Hard Fault 
                                                            Handler
   73 00000010 00000000        DCD              0           ; Reserved
   74 00000014 00000000        DCD              0           ; Reserved
   75 00000018 00000000        DCD              0           ; Reserved
   76 0000001C 00000000        DCD              0           ; Reserved
   77 00000020 00000000        DCD              0           ; Reserved
   78 00000024 00000000        DCD              0           ; Reserved
   79 00000028 00000000        DCD              0           ; Reserved
   80 0000002C 00000000        DCD              SVC_Handler ; SVCall Handler
   81 00000030 00000000        DCD              0           ; Reserved
   82 00000034 00000000        DCD              0           ; Reserved
   83 00000038 00000000        DCD              PendSV_Handler ; PendSV Handler
                                                            
   84 0000003C 00000000        DCD              SysTick_Handler 
                                                            ; SysTick Handler
   85 00000040         
   86 00000040         ; External Interrupts
   87 00000040 00000000        DCD              WWDG_IRQHandler 
                                                            ; Window Watchdog
   88 00000044 00000000        DCD              PVD_VDDIO2_IRQHandler ; PVD and



ARM Macro Assembler    Page 3 


                                                             VDDIO2 through EXT
                                                            I Line detect
   89 00000048 00000000        DCD              RTC_IRQHandler ; RTC through EX
                                                            TI Line
   90 0000004C 00000000        DCD              FLASH_IRQHandler ; FLASH
   91 00000050 00000000        DCD              RCC_CRS_IRQHandler 
                                                            ; RCC and CRS
   92 00000054 00000000        DCD              EXTI0_1_IRQHandler 
                                                            ; EXTI Line 0 and 1
                                                            
   93 00000058 00000000        DCD              EXTI2_3_IRQHandler 
                                                            ; EXTI Line 2 and 3
                                                            
   94 0000005C 00000000        DCD              EXTI4_15_IRQHandler 
                                                            ; EXTI Line 4 to 15
                                                            
   95 00000060 00000000        DCD              TSC_IRQHandler ; TS
   96 00000064 00000000        DCD              DMA1_Channel1_IRQHandler 
                                                            ; DMA1 Channel 1
   97 00000068 00000000        DCD              DMA1_Channel2_3_IRQHandler ; DM
                                                            A1 Channel 2 and Ch
                                                            annel 3
   98 0000006C 00000000        DCD              DMA1_Channel4_5_6_7_IRQHandler 
                                                            ; DMA1 Channel 4, C
                                                            hannel 5, Channel 6
                                                             and Channel 7
   99 00000070 00000000        DCD              ADC1_COMP_IRQHandler ; ADC1, CO
                                                            MP1 and COMP2 
  100 00000074 00000000        DCD              TIM1_BRK_UP_TRG_COM_IRQHandler 
                                                            ; TIM1 Break, Updat
                                                            e, Trigger and Comm
                                                            utation
  101 00000078 00000000        DCD              TIM1_CC_IRQHandler ; TIM1 Captu
                                                            re Compare
  102 0000007C 00000000        DCD              TIM2_IRQHandler ; TIM2
  103 00000080 00000000        DCD              TIM3_IRQHandler ; TIM3
  104 00000084 00000000        DCD              TIM6_DAC_IRQHandler 
                                                            ; TIM6 and DAC
  105 00000088 00000000        DCD              TIM7_IRQHandler ; TIM7
  106 0000008C 00000000        DCD              TIM14_IRQHandler ; TIM14
  107 00000090 00000000        DCD              TIM15_IRQHandler ; TIM15
  108 00000094 00000000        DCD              TIM16_IRQHandler ; TIM16
  109 00000098 00000000        DCD              TIM17_IRQHandler ; TIM17
  110 0000009C 00000000        DCD              I2C1_IRQHandler ; I2C1
  111 000000A0 00000000        DCD              I2C2_IRQHandler ; I2C2
  112 000000A4 00000000        DCD              SPI1_IRQHandler ; SPI1
  113 000000A8 00000000        DCD              SPI2_IRQHandler ; SPI2
  114 000000AC 00000000        DCD              USART1_IRQHandler ; USART1
  115 000000B0 00000000        DCD              USART2_IRQHandler ; USART2
  116 000000B4 00000000        DCD              USART3_4_IRQHandler 
                                                            ; USART3 and USART4
                                                            
  117 000000B8 00000000        DCD              CEC_CAN_IRQHandler 
                                                            ; CEC and CAN
  118 000000BC 00000000        DCD              USB_IRQHandler ; USB
  119 000000C0         
  120 000000C0         __Vectors_End
  121 000000C0         
  122 000000C0 000000C0 



ARM Macro Assembler    Page 4 


                       __Vectors_Size
                               EQU              __Vectors_End - __Vectors
  123 000000C0         
  124 000000C0                 AREA             |.text|, CODE, READONLY
  125 00000000         
  126 00000000         ; Reset handler routine
  127 00000000         Reset_Handler
                               PROC
  128 00000000                 EXPORT           Reset_Handler                 [
WEAK]
  129 00000000                 IMPORT           __main
  130 00000000                 IMPORT           SystemInit
  131 00000000 4804            LDR              R0, =SystemInit
  132 00000002 4780            BLX              R0
  133 00000004 4804            LDR              R0, =__main
  134 00000006 4700            BX               R0
  135 00000008                 ENDP
  136 00000008         
  137 00000008         ; Dummy Exception Handlers (infinite loops which can be 
                       modified)
  138 00000008         
  139 00000008         NMI_Handler
                               PROC
  140 00000008                 EXPORT           NMI_Handler                    
[WEAK]
  141 00000008 E7FE            B                .
  142 0000000A                 ENDP
  144 0000000A         HardFault_Handler
                               PROC
  145 0000000A                 EXPORT           HardFault_Handler              
[WEAK]
  146 0000000A E7FE            B                .
  147 0000000C                 ENDP
  148 0000000C         SVC_Handler
                               PROC
  149 0000000C                 EXPORT           SVC_Handler                    
[WEAK]
  150 0000000C E7FE            B                .
  151 0000000E                 ENDP
  152 0000000E         PendSV_Handler
                               PROC
  153 0000000E                 EXPORT           PendSV_Handler                 
[WEAK]
  154 0000000E E7FE            B                .
  155 00000010                 ENDP
  156 00000010         SysTick_Handler
                               PROC
  157 00000010                 EXPORT           SysTick_Handler                
[WEAK]
  158 00000010 E7FE            B                .
  159 00000012                 ENDP
  160 00000012         
  161 00000012         Default_Handler
                               PROC
  162 00000012         
  163 00000012                 EXPORT           WWDG_IRQHandler                
[WEAK]
  164 00000012                 EXPORT           PVD_VDDIO2_IRQHandler          
[WEAK]



ARM Macro Assembler    Page 5 


  165 00000012                 EXPORT           RTC_IRQHandler                 
[WEAK]
  166 00000012                 EXPORT           FLASH_IRQHandler               
[WEAK]
  167 00000012                 EXPORT           RCC_CRS_IRQHandler             
[WEAK]
  168 00000012                 EXPORT           EXTI0_1_IRQHandler             
[WEAK]
  169 00000012                 EXPORT           EXTI2_3_IRQHandler             
[WEAK]
  170 00000012                 EXPORT           EXTI4_15_IRQHandler            
[WEAK]
  171 00000012                 EXPORT           TSC_IRQHandler                 
 [WEAK]
  172 00000012                 EXPORT           DMA1_Channel1_IRQHandler       
[WEAK]
  173 00000012                 EXPORT           DMA1_Channel2_3_IRQHandler     
[WEAK]
  174 00000012                 EXPORT           DMA1_Channel4_5_6_7_IRQHandler 
[WEAK]
  175 00000012                 EXPORT           ADC1_COMP_IRQHandler           
[WEAK]
  176 00000012                 EXPORT           TIM1_BRK_UP_TRG_COM_IRQHandler 
[WEAK]
  177 00000012                 EXPORT           TIM1_CC_IRQHandler             
[WEAK]
  178 00000012                 EXPORT           TIM2_IRQHandler                
[WEAK]
  179 00000012                 EXPORT           TIM3_IRQHandler                
[WEAK]
  180 00000012                 EXPORT           TIM6_DAC_IRQHandler            
[WEAK]
  181 00000012                 EXPORT           TIM7_IRQHandler                
[WEAK]
  182 00000012                 EXPORT           TIM14_IRQHandler               
[WEAK]
  183 00000012                 EXPORT           TIM15_IRQHandler               
[WEAK]
  184 00000012                 EXPORT           TIM16_IRQHandler               
[WEAK]
  185 00000012                 EXPORT           TIM17_IRQHandler               
[WEAK]
  186 00000012                 EXPORT           I2C1_IRQHandler                
[WEAK]
  187 00000012                 EXPORT           I2C2_IRQHandler                
[WEAK]
  188 00000012                 EXPORT           SPI1_IRQHandler                
[WEAK]
  189 00000012                 EXPORT           SPI2_IRQHandler                
[WEAK]
  190 00000012                 EXPORT           USART1_IRQHandler              
[WEAK]
  191 00000012                 EXPORT           USART2_IRQHandler              
[WEAK]
  192 00000012                 EXPORT           USART3_4_IRQHandler            
[WEAK]
  193 00000012                 EXPORT           CEC_CAN_IRQHandler             
[WEAK]
  194 00000012                 EXPORT           USB_IRQHandler                 



ARM Macro Assembler    Page 6 


[WEAK]
  195 00000012         
  196 00000012         
  197 00000012         WWDG_IRQHandler
  198 00000012         PVD_VDDIO2_IRQHandler
  199 00000012         RTC_IRQHandler
  200 00000012         FLASH_IRQHandler
  201 00000012         RCC_CRS_IRQHandler
  202 00000012         EXTI0_1_IRQHandler
  203 00000012         EXTI2_3_IRQHandler
  204 00000012         EXTI4_15_IRQHandler
  205 00000012         TSC_IRQHandler
  206 00000012         DMA1_Channel1_IRQHandler
  207 00000012         DMA1_Channel2_3_IRQHandler
  208 00000012         DMA1_Channel4_5_6_7_IRQHandler
  209 00000012         ADC1_COMP_IRQHandler
  210 00000012         TIM1_BRK_UP_TRG_COM_IRQHandler
  211 00000012         TIM1_CC_IRQHandler
  212 00000012         TIM2_IRQHandler
  213 00000012         TIM3_IRQHandler
  214 00000012         TIM6_DAC_IRQHandler
  215 00000012         TIM7_IRQHandler
  216 00000012         TIM14_IRQHandler
  217 00000012         TIM15_IRQHandler
  218 00000012         TIM16_IRQHandler
  219 00000012         TIM17_IRQHandler
  220 00000012         I2C1_IRQHandler
  221 00000012         I2C2_IRQHandler
  222 00000012         SPI1_IRQHandler
  223 00000012         SPI2_IRQHandler
  224 00000012         USART1_IRQHandler
  225 00000012         USART2_IRQHandler
  226 00000012         USART3_4_IRQHandler
  227 00000012         CEC_CAN_IRQHandler
  228 00000012         USB_IRQHandler
  229 00000012         
  230 00000012 E7FE            B                .
  231 00000014         
  232 00000014                 ENDP
  233 00000014         
  234 00000014                 ALIGN
  235 00000014         
  236 00000014         ;*******************************************************
                       ************************
  237 00000014         ; User Stack and Heap initialization
  238 00000014         ;*******************************************************
                       ************************
  239 00000014                 IF               :DEF:__MICROLIB
  240 00000014         
  241 00000014                 EXPORT           __initial_sp
  242 00000014                 EXPORT           __heap_base
  243 00000014                 EXPORT           __heap_limit
  244 00000014         
  245 00000014                 ELSE
  260                          ENDIF
  261 00000014         
  262 00000014                 END
              00000000 
              00000000 



ARM Macro Assembler    Page 7 


Command Line: --debug --xref --diag_suppress=9931 --cpu=Cortex-M0 --apcs=interw
ork --depend=..\obj\startup_stm32f072.d -o..\obj\startup_stm32f072.o -I"D:\F_pa
n\stm32CubeMX_Proj\11.4\正光无线\DTU_3G  正光无线\MDK-ARM\RTE" -IC:\Keil_v5\ARM
\PACK\Keil\Jansson\1.0.0\src -IC:\Keil_v5\ARM\PACK\Keil\STM32F0xx_DFP\1.5.0 -IC
:\Keil_v5\ARM\CMSIS\Include --predefine="__MICROLIB SETA 1" --predefine="__UVIS
ION_VERSION SETA 514" --predefine="_RTE_ SETA 1" --predefine="STM32F072xB SETA 
1" --list=.\out\startup_stm32f072.lst ..\startup_stm32f072.s



ARM Macro Assembler    Page 1 Alphabetic symbol ordering
Relocatable symbols

STACK 00000000

Symbol: STACK
   Definitions
      At line 43 in file ..\startup_stm32f072.s
   Uses
      None
Comment: STACK unused
Stack_Mem 00000000

Symbol: Stack_Mem
   Definitions
      At line 44 in file ..\startup_stm32f072.s
   Uses
      None
Comment: Stack_Mem unused
__initial_sp 00000400

Symbol: __initial_sp
   Definitions
      At line 45 in file ..\startup_stm32f072.s
   Uses
      At line 69 in file ..\startup_stm32f072.s
      At line 241 in file ..\startup_stm32f072.s

3 symbols



ARM Macro Assembler    Page 1 Alphabetic symbol ordering
Relocatable symbols

HEAP 00000000

Symbol: HEAP
   Definitions
      At line 54 in file ..\startup_stm32f072.s
   Uses
      None
Comment: HEAP unused
Heap_Mem 00000000

Symbol: Heap_Mem
   Definitions
      At line 56 in file ..\startup_stm32f072.s
   Uses
      None
Comment: Heap_Mem unused
__heap_base 00000000

Symbol: __heap_base
   Definitions
      At line 55 in file ..\startup_stm32f072.s
   Uses
      At line 242 in file ..\startup_stm32f072.s
Comment: __heap_base used once
__heap_limit 00000C00

Symbol: __heap_limit
   Definitions
      At line 57 in file ..\startup_stm32f072.s
   Uses
      At line 243 in file ..\startup_stm32f072.s
Comment: __heap_limit used once
4 symbols



ARM Macro Assembler    Page 1 Alphabetic symbol ordering
Relocatable symbols

RESET 00000000

Symbol: RESET
   Definitions
      At line 64 in file ..\startup_stm32f072.s
   Uses
      None
Comment: RESET unused
__Vectors 00000000

Symbol: __Vectors
   Definitions
      At line 69 in file ..\startup_stm32f072.s
   Uses
      At line 65 in file ..\startup_stm32f072.s
      At line 122 in file ..\startup_stm32f072.s

__Vectors_End 000000C0

Symbol: __Vectors_End
   Definitions
      At line 120 in file ..\startup_stm32f072.s
   Uses
      At line 66 in file ..\startup_stm32f072.s
      At line 122 in file ..\startup_stm32f072.s

3 symbols



ARM Macro Assembler    Page 1 Alphabetic symbol ordering
Relocatable symbols

.text 00000000

Symbol: .text
   Definitions
      At line 124 in file ..\startup_stm32f072.s
   Uses
      None
Comment: .text unused
ADC1_COMP_IRQHandler 00000012

Symbol: ADC1_COMP_IRQHandler
   Definitions
      At line 209 in file ..\startup_stm32f072.s
   Uses
      At line 99 in file ..\startup_stm32f072.s
      At line 175 in file ..\startup_stm32f072.s

CEC_CAN_IRQHandler 00000012

Symbol: CEC_CAN_IRQHandler
   Definitions
      At line 227 in file ..\startup_stm32f072.s
   Uses
      At line 117 in file ..\startup_stm32f072.s
      At line 193 in file ..\startup_stm32f072.s

DMA1_Channel1_IRQHandler 00000012

Symbol: DMA1_Channel1_IRQHandler
   Definitions
      At line 206 in file ..\startup_stm32f072.s
   Uses
      At line 96 in file ..\startup_stm32f072.s
      At line 172 in file ..\startup_stm32f072.s

DMA1_Channel2_3_IRQHandler 00000012

Symbol: DMA1_Channel2_3_IRQHandler
   Definitions
      At line 207 in file ..\startup_stm32f072.s
   Uses
      At line 97 in file ..\startup_stm32f072.s
      At line 173 in file ..\startup_stm32f072.s

DMA1_Channel4_5_6_7_IRQHandler 00000012

Symbol: DMA1_Channel4_5_6_7_IRQHandler
   Definitions
      At line 208 in file ..\startup_stm32f072.s
   Uses
      At line 98 in file ..\startup_stm32f072.s
      At line 174 in file ..\startup_stm32f072.s

Default_Handler 00000012

Symbol: Default_Handler
   Definitions
      At line 161 in file ..\startup_stm32f072.s
   Uses



ARM Macro Assembler    Page 2 Alphabetic symbol ordering
Relocatable symbols

      None
Comment: Default_Handler unused
EXTI0_1_IRQHandler 00000012

Symbol: EXTI0_1_IRQHandler
   Definitions
      At line 202 in file ..\startup_stm32f072.s
   Uses
      At line 92 in file ..\startup_stm32f072.s
      At line 168 in file ..\startup_stm32f072.s

EXTI2_3_IRQHandler 00000012

Symbol: EXTI2_3_IRQHandler
   Definitions
      At line 203 in file ..\startup_stm32f072.s
   Uses
      At line 93 in file ..\startup_stm32f072.s
      At line 169 in file ..\startup_stm32f072.s

EXTI4_15_IRQHandler 00000012

Symbol: EXTI4_15_IRQHandler
   Definitions
      At line 204 in file ..\startup_stm32f072.s
   Uses
      At line 94 in file ..\startup_stm32f072.s
      At line 170 in file ..\startup_stm32f072.s

FLASH_IRQHandler 00000012

Symbol: FLASH_IRQHandler
   Definitions
      At line 200 in file ..\startup_stm32f072.s
   Uses
      At line 90 in file ..\startup_stm32f072.s
      At line 166 in file ..\startup_stm32f072.s

HardFault_Handler 0000000A

Symbol: HardFault_Handler
   Definitions
      At line 144 in file ..\startup_stm32f072.s
   Uses
      At line 72 in file ..\startup_stm32f072.s
      At line 145 in file ..\startup_stm32f072.s

I2C1_IRQHandler 00000012

Symbol: I2C1_IRQHandler
   Definitions
      At line 220 in file ..\startup_stm32f072.s
   Uses
      At line 110 in file ..\startup_stm32f072.s
      At line 186 in file ..\startup_stm32f072.s

I2C2_IRQHandler 00000012

Symbol: I2C2_IRQHandler



ARM Macro Assembler    Page 3 Alphabetic symbol ordering
Relocatable symbols

   Definitions
      At line 221 in file ..\startup_stm32f072.s
   Uses
      At line 111 in file ..\startup_stm32f072.s
      At line 187 in file ..\startup_stm32f072.s

NMI_Handler 00000008

Symbol: NMI_Handler
   Definitions
      At line 139 in file ..\startup_stm32f072.s
   Uses
      At line 71 in file ..\startup_stm32f072.s
      At line 140 in file ..\startup_stm32f072.s

PVD_VDDIO2_IRQHandler 00000012

Symbol: PVD_VDDIO2_IRQHandler
   Definitions
      At line 198 in file ..\startup_stm32f072.s
   Uses
      At line 88 in file ..\startup_stm32f072.s
      At line 164 in file ..\startup_stm32f072.s

PendSV_Handler 0000000E

Symbol: PendSV_Handler
   Definitions
      At line 152 in file ..\startup_stm32f072.s
   Uses
      At line 83 in file ..\startup_stm32f072.s
      At line 153 in file ..\startup_stm32f072.s

RCC_CRS_IRQHandler 00000012

Symbol: RCC_CRS_IRQHandler
   Definitions
      At line 201 in file ..\startup_stm32f072.s
   Uses
      At line 91 in file ..\startup_stm32f072.s
      At line 167 in file ..\startup_stm32f072.s

RTC_IRQHandler 00000012

Symbol: RTC_IRQHandler
   Definitions
      At line 199 in file ..\startup_stm32f072.s
   Uses
      At line 89 in file ..\startup_stm32f072.s
      At line 165 in file ..\startup_stm32f072.s

Reset_Handler 00000000

Symbol: Reset_Handler
   Definitions
      At line 127 in file ..\startup_stm32f072.s
   Uses
      At line 70 in file ..\startup_stm32f072.s
      At line 128 in file ..\startup_stm32f072.s



ARM Macro Assembler    Page 4 Alphabetic symbol ordering
Relocatable symbols


SPI1_IRQHandler 00000012

Symbol: SPI1_IRQHandler
   Definitions
      At line 222 in file ..\startup_stm32f072.s
   Uses
      At line 112 in file ..\startup_stm32f072.s
      At line 188 in file ..\startup_stm32f072.s

SPI2_IRQHandler 00000012

Symbol: SPI2_IRQHandler
   Definitions
      At line 223 in file ..\startup_stm32f072.s
   Uses
      At line 113 in file ..\startup_stm32f072.s
      At line 189 in file ..\startup_stm32f072.s

SVC_Handler 0000000C

Symbol: SVC_Handler
   Definitions
      At line 148 in file ..\startup_stm32f072.s
   Uses
      At line 80 in file ..\startup_stm32f072.s
      At line 149 in file ..\startup_stm32f072.s

SysTick_Handler 00000010

Symbol: SysTick_Handler
   Definitions
      At line 156 in file ..\startup_stm32f072.s
   Uses
      At line 84 in file ..\startup_stm32f072.s
      At line 157 in file ..\startup_stm32f072.s

TIM14_IRQHandler 00000012

Symbol: TIM14_IRQHandler
   Definitions
      At line 216 in file ..\startup_stm32f072.s
   Uses
      At line 106 in file ..\startup_stm32f072.s
      At line 182 in file ..\startup_stm32f072.s

TIM15_IRQHandler 00000012

Symbol: TIM15_IRQHandler
   Definitions
      At line 217 in file ..\startup_stm32f072.s
   Uses
      At line 107 in file ..\startup_stm32f072.s
      At line 183 in file ..\startup_stm32f072.s

TIM16_IRQHandler 00000012

Symbol: TIM16_IRQHandler
   Definitions



ARM Macro Assembler    Page 5 Alphabetic symbol ordering
Relocatable symbols

      At line 218 in file ..\startup_stm32f072.s
   Uses
      At line 108 in file ..\startup_stm32f072.s
      At line 184 in file ..\startup_stm32f072.s

TIM17_IRQHandler 00000012

Symbol: TIM17_IRQHandler
   Definitions
      At line 219 in file ..\startup_stm32f072.s
   Uses
      At line 109 in file ..\startup_stm32f072.s
      At line 185 in file ..\startup_stm32f072.s

TIM1_BRK_UP_TRG_COM_IRQHandler 00000012

Symbol: TIM1_BRK_UP_TRG_COM_IRQHandler
   Definitions
      At line 210 in file ..\startup_stm32f072.s
   Uses
      At line 100 in file ..\startup_stm32f072.s
      At line 176 in file ..\startup_stm32f072.s

TIM1_CC_IRQHandler 00000012

Symbol: TIM1_CC_IRQHandler
   Definitions
      At line 211 in file ..\startup_stm32f072.s
   Uses
      At line 101 in file ..\startup_stm32f072.s
      At line 177 in file ..\startup_stm32f072.s

TIM2_IRQHandler 00000012

Symbol: TIM2_IRQHandler
   Definitions
      At line 212 in file ..\startup_stm32f072.s
   Uses
      At line 102 in file ..\startup_stm32f072.s
      At line 178 in file ..\startup_stm32f072.s

TIM3_IRQHandler 00000012

Symbol: TIM3_IRQHandler
   Definitions
      At line 213 in file ..\startup_stm32f072.s
   Uses
      At line 103 in file ..\startup_stm32f072.s
      At line 179 in file ..\startup_stm32f072.s

TIM6_DAC_IRQHandler 00000012

Symbol: TIM6_DAC_IRQHandler
   Definitions
      At line 214 in file ..\startup_stm32f072.s
   Uses
      At line 104 in file ..\startup_stm32f072.s
      At line 180 in file ..\startup_stm32f072.s




ARM Macro Assembler    Page 6 Alphabetic symbol ordering
Relocatable symbols

TIM7_IRQHandler 00000012

Symbol: TIM7_IRQHandler
   Definitions
      At line 215 in file ..\startup_stm32f072.s
   Uses
      At line 105 in file ..\startup_stm32f072.s
      At line 181 in file ..\startup_stm32f072.s

TSC_IRQHandler 00000012

Symbol: TSC_IRQHandler
   Definitions
      At line 205 in file ..\startup_stm32f072.s
   Uses
      At line 95 in file ..\startup_stm32f072.s
      At line 171 in file ..\startup_stm32f072.s

USART1_IRQHandler 00000012

Symbol: USART1_IRQHandler
   Definitions
      At line 224 in file ..\startup_stm32f072.s
   Uses
      At line 114 in file ..\startup_stm32f072.s
      At line 190 in file ..\startup_stm32f072.s

USART2_IRQHandler 00000012

Symbol: USART2_IRQHandler
   Definitions
      At line 225 in file ..\startup_stm32f072.s
   Uses
      At line 115 in file ..\startup_stm32f072.s
      At line 191 in file ..\startup_stm32f072.s

USART3_4_IRQHandler 00000012

Symbol: USART3_4_IRQHandler
   Definitions
      At line 226 in file ..\startup_stm32f072.s
   Uses
      At line 116 in file ..\startup_stm32f072.s
      At line 192 in file ..\startup_stm32f072.s

USB_IRQHandler 00000012

Symbol: USB_IRQHandler
   Definitions
      At line 228 in file ..\startup_stm32f072.s
   Uses
      At line 118 in file ..\startup_stm32f072.s
      At line 194 in file ..\startup_stm32f072.s

WWDG_IRQHandler 00000012

Symbol: WWDG_IRQHandler
   Definitions
      At line 197 in file ..\startup_stm32f072.s



ARM Macro Assembler    Page 7 Alphabetic symbol ordering
Relocatable symbols

   Uses
      At line 87 in file ..\startup_stm32f072.s
      At line 163 in file ..\startup_stm32f072.s

40 symbols



ARM Macro Assembler    Page 1 Alphabetic symbol ordering
Absolute symbols

Heap_Size 00000C00

Symbol: Heap_Size
   Definitions
      At line 52 in file ..\startup_stm32f072.s
   Uses
      At line 56 in file ..\startup_stm32f072.s
Comment: Heap_Size used once
Stack_Size 00000400

Symbol: Stack_Size
   Definitions
      At line 41 in file ..\startup_stm32f072.s
   Uses
      At line 44 in file ..\startup_stm32f072.s
Comment: Stack_Size used once
__Vectors_Size 000000C0

Symbol: __Vectors_Size
   Definitions
      At line 122 in file ..\startup_stm32f072.s
   Uses
      At line 67 in file ..\startup_stm32f072.s
Comment: __Vectors_Size used once
3 symbols



ARM Macro Assembler    Page 1 Alphabetic symbol ordering
External symbols

SystemInit 00000000

Symbol: SystemInit
   Definitions
      At line 130 in file ..\startup_stm32f072.s
   Uses
      At line 131 in file ..\startup_stm32f072.s
Comment: SystemInit used once
__main 00000000

Symbol: __main
   Definitions
      At line 129 in file ..\startup_stm32f072.s
   Uses
      At line 133 in file ..\startup_stm32f072.s
Comment: __main used once
2 symbols
391 symbols in table
